\BOOKMARK [1][-]{section.1}{Signal Flow Graph}{}% 1
\BOOKMARK [2][-]{subsection.1.1}{Mason's Gain Formula}{section.1}% 2
\BOOKMARK [2][-]{subsection.1.2}{Matrix Formula}{section.1}% 3
\BOOKMARK [2][-]{subsection.1.3}{Example}{section.1}% 4
\BOOKMARK [1][-]{section.2}{Gain of Feedback Circuits}{}% 5
\BOOKMARK [2][-]{subsection.2.1}{Current Amplifiers}{section.2}% 6
\BOOKMARK [1][-]{section.3}{Bode Plot}{}% 7
\BOOKMARK [2][-]{subsection.3.1}{Introduction}{section.3}% 8
\BOOKMARK [2][-]{subsection.3.2}{Example}{section.3}% 9
\BOOKMARK [2][-]{subsection.3.3}{Phase}{section.3}% 10
\BOOKMARK [2][-]{subsection.3.4}{Example}{section.3}% 11
\BOOKMARK [1][-]{section.4}{Second order System}{}% 12
\BOOKMARK [2][-]{subsection.4.1}{Damping}{section.4}% 13
\BOOKMARK [2][-]{subsection.4.2}{Peak Overshoot}{section.4}% 14
\BOOKMARK [2][-]{subsection.4.3}{Settling Time}{section.4}% 15
\BOOKMARK [2][-]{subsection.4.4}{Example}{section.4}% 16
\BOOKMARK [1][-]{section.5}{Routh Hurwitz Criterion}{}% 17
\BOOKMARK [2][-]{subsection.5.1}{Routh Array}{section.5}% 18
\BOOKMARK [2][-]{subsection.5.2}{Marginal Stability}{section.5}% 19
\BOOKMARK [2][-]{subsection.5.3}{Stability}{section.5}% 20
\BOOKMARK [2][-]{subsection.5.4}{Example}{section.5}% 21
\BOOKMARK [1][-]{section.6}{State-Space Model}{}% 22
\BOOKMARK [2][-]{subsection.6.1}{Controllability and Observability}{section.6}% 23
\BOOKMARK [2][-]{subsection.6.2}{Second Order System}{section.6}% 24
\BOOKMARK [2][-]{subsection.6.3}{Example}{section.6}% 25
\BOOKMARK [1][-]{section.7}{Nyquist Plot}{}% 26
\BOOKMARK [2][-]{subsection.7.1}{Introduction}{section.7}% 27
\BOOKMARK [2][-]{subsection.7.2}{Example}{section.7}% 28
\BOOKMARK [1][-]{section.8}{Compensators}{}% 29
\BOOKMARK [2][-]{subsection.8.1}{Phase Lead}{section.8}% 30
\BOOKMARK [2][-]{subsection.8.2}{Lead Circuit}{section.8}% 31
\BOOKMARK [2][-]{subsection.8.3}{Lag Lead}{section.8}% 32
\BOOKMARK [2][-]{subsection.8.4}{Example}{section.8}% 33
\BOOKMARK [1][-]{section.9}{Gain Margin}{}% 34
\BOOKMARK [2][-]{subsection.9.1}{Introduction}{section.9}% 35
\BOOKMARK [2][-]{subsection.9.2}{Example}{section.9}% 36
\BOOKMARK [1][-]{section.10}{Phase Margin}{}% 37
\BOOKMARK [2][-]{subsection.10.1}{Intoduction}{section.10}% 38
\BOOKMARK [2][-]{subsection.10.2}{Example}{section.10}% 39
\BOOKMARK [1][-]{section.11}{Oscillator}{}% 40
\BOOKMARK [2][-]{subsection.11.1}{Introduction}{section.11}% 41
\BOOKMARK [2][-]{subsection.11.2}{Example}{section.11}% 42
\BOOKMARK [1][-]{section.12}{Root Locus}{}% 43
\BOOKMARK [2][-]{subsection.12.1}{Introduction}{section.12}% 44
\BOOKMARK [2][-]{subsection.12.2}{Example}{section.12}% 45
\BOOKMARK [1][-]{section.13}{Polar Plot}{}% 46
\BOOKMARK [2][-]{subsection.13.1}{Introduction}{section.13}% 47
\BOOKMARK [1][-]{section.14}{PID Controller}{}% 48
\BOOKMARK [2][-]{subsection.14.1}{Introduction}{section.14}% 49
